Successfully forked as daemon
16 Nov 2018 22:10:59: PID file: spool/wei.pid
16 Nov 2018 23:16:45: Accepted connection, fd = 4
16 Nov 2018 23:16:50: Created stream for input
16 Nov 2018 23:16:50: File type is 'a'
16 Nov 2018 23:16:50: Saving data to file spool/wei_a_1542428210.997216
16 Nov 2018 23:16:51: Created stream for output
16 Nov 2018 23:16:51: Bytes received: 263
16 Nov 2018 23:16:51: Connection terminated
16 Nov 2018 23:16:51: Accepted connection, fd = 4
16 Nov 2018 23:16:51: Dropping connection
16 Nov 2018 23:16:51: Accepted connection, fd = 4
16 Nov 2018 23:16:56: Created stream for input
16 Nov 2018 23:16:56: File type is 'a'
16 Nov 2018 23:16:56: Saving data to file spool/wei_a_1542428216.14693
16 Nov 2018 23:16:56: Created stream for output
16 Nov 2018 23:16:56: Bytes received: 263
16 Nov 2018 23:16:56: Connection terminated
16 Nov 2018 23:17:42: Accepted connection, fd = 4
16 Nov 2018 23:17:47: Created stream for input
16 Nov 2018 23:17:47: File type is 'a'
16 Nov 2018 23:17:47: Saving data to file spool/wei_a_1542428267.806297
16 Nov 2018 23:17:47: Created stream for output
16 Nov 2018 23:17:47: Bytes received: 263
16 Nov 2018 23:17:47: Connection terminated
16 Nov 2018 23:17:59: Accepted connection, fd = 4
16 Nov 2018 23:17:59: Dropping connection
16 Nov 2018 23:19:33: Accepted connection, fd = 4
16 Nov 2018 23:19:33: Dropping connection
16 Nov 2018 23:19:35: Accepted connection, fd = 4
16 Nov 2018 23:19:35: Dropping connection
16 Nov 2018 23:19:37: Accepted connection, fd = 4
16 Nov 2018 23:19:37: Dropping connection
16 Nov 2018 23:20:54: Accepted connection, fd = 4
16 Nov 2018 23:20:59: Created stream for input
16 Nov 2018 23:20:59: File type is 'a'
16 Nov 2018 23:20:59: Saving data to file spool/wei_a_1542428459.119402
16 Nov 2018 23:20:59: Created stream for output
16 Nov 2018 23:20:59: Bytes received: 263
16 Nov 2018 23:20:59: Connection terminated
16 Nov 2018 23:22:28: Accepted connection, fd = 4
16 Nov 2018 23:22:28: Dropping connection
16 Nov 2018 23:22:29: Accepted connection, fd = 4
16 Nov 2018 23:22:29: Dropping connection
16 Nov 2018 23:22:30: Accepted connection, fd = 4
16 Nov 2018 23:22:35: Created stream for input
16 Nov 2018 23:22:35: File type is 'a'
16 Nov 2018 23:22:35: Saving data to file spool/wei_a_1542428555.519897
16 Nov 2018 23:22:35: Created stream for output
16 Nov 2018 23:22:35: Bytes received: 263
16 Nov 2018 23:22:35: Connection terminated
16 Nov 2018 23:23:45: Accepted connection, fd = 4
16 Nov 2018 23:23:45: Dropping connection
16 Nov 2018 23:23:45: Accepted connection, fd = 4
16 Nov 2018 23:23:50: Created stream for input
16 Nov 2018 23:23:50: File type is 'a'
16 Nov 2018 23:23:50: Saving data to file spool/wei_a_1542428630.521891
16 Nov 2018 23:23:50: Created stream for output
16 Nov 2018 23:23:50: Bytes received: 263
16 Nov 2018 23:23:50: Connection terminated
16 Nov 2018 23:23:50: Accepted connection, fd = 4
16 Nov 2018 23:23:55: Created stream for input
16 Nov 2018 23:23:55: File type is 'a'
16 Nov 2018 23:23:55: Saving data to file spool/wei_a_1542428635.537797
16 Nov 2018 23:23:55: Created stream for output
16 Nov 2018 23:23:55: Bytes received: 263
16 Nov 2018 23:23:55: Connection terminated
16 Nov 2018 23:24:31: Accepted connection, fd = 4
16 Nov 2018 23:24:36: Created stream for input
16 Nov 2018 23:24:36: File type is 'a'
16 Nov 2018 23:24:36: Saving data to file spool/wei_a_1542428676.998065
16 Nov 2018 23:24:37: Created stream for output
16 Nov 2018 23:24:37: Bytes received: 263
16 Nov 2018 23:24:37: Connection terminated
16 Nov 2018 23:24:37: Accepted connection, fd = 4
16 Nov 2018 23:24:37: Dropping connection
16 Nov 2018 23:24:37: Accepted connection, fd = 4
16 Nov 2018 23:24:42: Created stream for input
16 Nov 2018 23:24:42: File type is 'a'
16 Nov 2018 23:24:42: Saving data to file spool/wei_a_1542428682.13825
16 Nov 2018 23:24:42: Created stream for output
16 Nov 2018 23:24:42: Bytes received: 263
16 Nov 2018 23:24:42: Connection terminated
16 Nov 2018 23:24:42: Accepted connection, fd = 4
16 Nov 2018 23:24:42: Dropping connection
16 Nov 2018 23:24:42: Accepted connection, fd = 4
16 Nov 2018 23:24:47: Created stream for input
16 Nov 2018 23:24:47: File type is 'a'
16 Nov 2018 23:24:47: Saving data to file spool/wei_a_1542428687.28549
16 Nov 2018 23:24:47: Created stream for output
16 Nov 2018 23:24:47: Bytes received: 263
16 Nov 2018 23:24:47: Connection terminated
16 Nov 2018 23:24:47: Accepted connection, fd = 4
16 Nov 2018 23:24:47: Dropping connection
16 Nov 2018 23:24:47: Accepted connection, fd = 4
16 Nov 2018 23:24:47: Dropping connection
16 Nov 2018 23:24:47: Accepted connection, fd = 4
16 Nov 2018 23:24:47: Dropping connection
16 Nov 2018 23:24:47: Accepted connection, fd = 4
16 Nov 2018 23:24:47: Dropping connection
16 Nov 2018 23:24:47: Accepted connection, fd = 4
16 Nov 2018 23:24:47: Dropping connection
16 Nov 2018 23:24:47: Accepted connection, fd = 4
16 Nov 2018 23:24:47: Dropping connection
16 Nov 2018 23:25:43: Accepted connection, fd = 4
16 Nov 2018 23:25:43: Dropping connection
16 Nov 2018 23:25:44: Accepted connection, fd = 4
16 Nov 2018 23:25:49: Created stream for input
16 Nov 2018 23:25:49: File type is 'a'
16 Nov 2018 23:25:49: Saving data to file spool/wei_a_1542428749.463637
16 Nov 2018 23:25:49: Created stream for output
16 Nov 2018 23:25:49: Bytes received: 263
16 Nov 2018 23:25:49: Connection terminated
16 Nov 2018 23:25:49: Accepted connection, fd = 4
16 Nov 2018 23:25:54: Created stream for input
16 Nov 2018 23:25:54: File type is 'a'
16 Nov 2018 23:25:54: Saving data to file spool/wei_a_1542428754.473536
16 Nov 2018 23:25:54: Created stream for output
16 Nov 2018 23:25:54: Bytes received: 263
16 Nov 2018 23:25:54: Connection terminated
16 Nov 2018 23:25:54: Accepted connection, fd = 4
16 Nov 2018 23:25:59: Created stream for input
16 Nov 2018 23:25:59: File type is 'a'
16 Nov 2018 23:25:59: Saving data to file spool/wei_a_1542428759.484235
16 Nov 2018 23:25:59: Created stream for output
16 Nov 2018 23:25:59: Bytes received: 263
16 Nov 2018 23:25:59: Connection terminated
16 Nov 2018 23:25:59: Accepted connection, fd = 4
16 Nov 2018 23:25:59: Dropping connection
16 Nov 2018 23:25:59: Accepted connection, fd = 4
16 Nov 2018 23:25:59: Dropping connection
16 Nov 2018 23:26:00: Accepted connection, fd = 4
16 Nov 2018 23:26:05: Created stream for input
16 Nov 2018 23:26:05: File type is 'a'
16 Nov 2018 23:26:05: Saving data to file spool/wei_a_1542428765.518269
16 Nov 2018 23:26:05: Created stream for output
16 Nov 2018 23:26:05: Bytes received: 263
16 Nov 2018 23:26:05: Connection terminated
16 Nov 2018 23:26:05: Accepted connection, fd = 4
16 Nov 2018 23:26:10: Created stream for input
16 Nov 2018 23:26:10: File type is 'a'
16 Nov 2018 23:26:10: Saving data to file spool/wei_a_1542428770.531886
16 Nov 2018 23:26:10: Created stream for output
16 Nov 2018 23:26:10: Bytes received: 263
16 Nov 2018 23:26:10: Connection terminated
16 Nov 2018 23:26:10: Accepted connection, fd = 4
16 Nov 2018 23:26:15: Created stream for input
16 Nov 2018 23:26:15: File type is 'a'
16 Nov 2018 23:26:15: Saving data to file spool/wei_a_1542428775.540294
16 Nov 2018 23:26:15: Created stream for output
16 Nov 2018 23:26:15: Bytes received: 263
16 Nov 2018 23:26:15: Connection terminated
16 Nov 2018 23:26:15: Accepted connection, fd = 4
16 Nov 2018 23:26:15: Dropping connection
16 Nov 2018 23:26:15: Accepted connection, fd = 4
16 Nov 2018 23:26:15: Dropping connection
16 Nov 2018 23:26:16: Accepted connection, fd = 4
16 Nov 2018 23:26:21: Created stream for input
16 Nov 2018 23:26:21: File type is 'a'
16 Nov 2018 23:26:21: Saving data to file spool/wei_a_1542428781.608727
16 Nov 2018 23:26:21: Created stream for output
16 Nov 2018 23:26:21: Bytes received: 263
16 Nov 2018 23:26:21: Connection terminated
16 Nov 2018 23:27:52: Accepted connection, fd = 4
16 Nov 2018 23:27:57: Created stream for input
16 Nov 2018 23:27:57: File type is 'a'
16 Nov 2018 23:27:57: Saving data to file spool/wei_a_1542428877.620332
16 Nov 2018 23:27:57: Created stream for output
16 Nov 2018 23:27:57: Bytes received: 263
16 Nov 2018 23:27:57: Connection terminated
16 Nov 2018 23:27:57: Accepted connection, fd = 4
16 Nov 2018 23:27:57: Dropping connection
16 Nov 2018 23:27:57: Accepted connection, fd = 4
16 Nov 2018 23:27:57: Dropping connection
16 Nov 2018 23:27:59: Accepted connection, fd = 4
16 Nov 2018 23:27:59: Dropping connection
16 Nov 2018 23:28:01: Accepted connection, fd = 4
16 Nov 2018 23:28:06: Created stream for input
16 Nov 2018 23:28:06: File type is 'a'
16 Nov 2018 23:28:06: Saving data to file spool/wei_a_1542428886.650931
16 Nov 2018 23:28:06: Created stream for output
16 Nov 2018 23:28:06: Bytes received: 263
16 Nov 2018 23:28:06: Connection terminated
16 Nov 2018 23:28:06: Accepted connection, fd = 4
16 Nov 2018 23:28:11: Created stream for input
16 Nov 2018 23:28:11: File type is 'a'
16 Nov 2018 23:28:11: Saving data to file spool/wei_a_1542428891.802028
16 Nov 2018 23:28:11: Created stream for output
16 Nov 2018 23:28:11: Bytes received: 263
16 Nov 2018 23:28:11: Connection terminated
16 Nov 2018 23:28:11: Accepted connection, fd = 4
16 Nov 2018 23:28:16: Created stream for input
16 Nov 2018 23:28:16: File type is 'a'
16 Nov 2018 23:28:16: Saving data to file spool/wei_a_1542428896.867092
16 Nov 2018 23:28:16: Created stream for output
16 Nov 2018 23:28:16: Bytes received: 263
16 Nov 2018 23:28:16: Connection terminated
16 Nov 2018 23:28:16: Accepted connection, fd = 4
16 Nov 2018 23:28:21: Created stream for input
16 Nov 2018 23:28:21: File type is 'a'
16 Nov 2018 23:28:21: Saving data to file spool/wei_a_1542428901.877849
16 Nov 2018 23:28:21: Created stream for output
16 Nov 2018 23:28:21: Bytes received: 263
16 Nov 2018 23:28:21: Connection terminated
16 Nov 2018 23:28:21: Accepted connection, fd = 4
16 Nov 2018 23:28:21: Dropping connection
16 Nov 2018 23:28:21: Accepted connection, fd = 4
16 Nov 2018 23:28:26: Created stream for input
16 Nov 2018 23:28:26: File type is 'a'
16 Nov 2018 23:28:26: Saving data to file spool/wei_a_1542428906.890304
16 Nov 2018 23:28:26: Created stream for output
16 Nov 2018 23:28:26: Bytes received: 263
16 Nov 2018 23:28:26: Connection terminated
16 Nov 2018 23:28:26: Accepted connection, fd = 4
16 Nov 2018 23:28:26: Dropping connection
16 Nov 2018 23:28:26: Accepted connection, fd = 4
16 Nov 2018 23:28:26: Dropping connection
16 Nov 2018 23:35:04: Accepted connection, fd = 4
16 Nov 2018 23:35:09: Created stream for input
16 Nov 2018 23:35:09: File type is 'a'
16 Nov 2018 23:35:09: Saving data to file spool/wei_a_1542429309.681003
16 Nov 2018 23:35:09: Created stream for output
16 Nov 2018 23:35:09: Bytes received: 263
16 Nov 2018 23:35:09: Connection terminated
16 Nov 2018 23:35:09: Accepted connection, fd = 4
16 Nov 2018 23:35:14: Created stream for input
16 Nov 2018 23:35:14: File type is 'a'
16 Nov 2018 23:35:14: Saving data to file spool/wei_a_1542429314.690100
16 Nov 2018 23:35:14: Created stream for output
16 Nov 2018 23:35:14: Bytes received: 263
16 Nov 2018 23:35:14: Connection terminated
16 Nov 2018 23:35:14: Accepted connection, fd = 4
16 Nov 2018 23:35:14: Dropping connection
16 Nov 2018 23:35:14: Accepted connection, fd = 4
16 Nov 2018 23:35:19: Created stream for input
16 Nov 2018 23:35:19: File type is 'a'
16 Nov 2018 23:35:19: Saving data to file spool/wei_a_1542429319.709047
16 Nov 2018 23:35:19: Created stream for output
16 Nov 2018 23:35:19: Bytes received: 263
16 Nov 2018 23:35:19: Connection terminated
16 Nov 2018 23:35:19: Accepted connection, fd = 4
16 Nov 2018 23:35:24: Created stream for input
16 Nov 2018 23:35:24: File type is 'a'
16 Nov 2018 23:35:24: Saving data to file spool/wei_a_1542429324.729733
16 Nov 2018 23:35:24: Created stream for output
16 Nov 2018 23:35:24: Bytes received: 263
16 Nov 2018 23:35:24: Connection terminated
16 Nov 2018 23:35:24: Accepted connection, fd = 4
16 Nov 2018 23:35:29: Created stream for input
16 Nov 2018 23:35:29: File type is 'a'
16 Nov 2018 23:35:29: Saving data to file spool/wei_a_1542429329.748441
16 Nov 2018 23:35:29: Created stream for output
16 Nov 2018 23:35:29: Bytes received: 263
16 Nov 2018 23:35:29: Connection terminated
16 Nov 2018 23:35:29: Accepted connection, fd = 4
16 Nov 2018 23:35:34: Created stream for input
16 Nov 2018 23:35:34: File type is 'a'
16 Nov 2018 23:35:34: Saving data to file spool/wei_a_1542429334.761689
16 Nov 2018 23:35:34: Created stream for output
16 Nov 2018 23:35:34: Bytes received: 263
16 Nov 2018 23:35:34: Connection terminated
16 Nov 2018 23:35:34: Accepted connection, fd = 4
16 Nov 2018 23:35:34: Dropping connection
16 Nov 2018 23:35:34: Accepted connection, fd = 4
16 Nov 2018 23:35:34: Dropping connection
16 Nov 2018 23:35:37: Accepted connection, fd = 4
16 Nov 2018 23:35:42: Created stream for input
16 Nov 2018 23:35:42: File type is 'a'
16 Nov 2018 23:35:42: Saving data to file spool/wei_a_1542429342.824888
16 Nov 2018 23:35:42: Created stream for output
16 Nov 2018 23:35:42: Bytes received: 263
16 Nov 2018 23:35:42: Connection terminated
16 Nov 2018 23:35:42: Accepted connection, fd = 4
16 Nov 2018 23:35:47: Created stream for input
16 Nov 2018 23:35:47: File type is 'a'
16 Nov 2018 23:35:47: Saving data to file spool/wei_a_1542429347.837542
16 Nov 2018 23:35:47: Created stream for output
16 Nov 2018 23:35:47: Bytes received: 263
16 Nov 2018 23:35:47: Connection terminated
16 Nov 2018 23:35:47: Accepted connection, fd = 4
16 Nov 2018 23:35:52: Created stream for input
16 Nov 2018 23:35:52: File type is 'a'
16 Nov 2018 23:35:52: Saving data to file spool/wei_a_1542429352.847108
16 Nov 2018 23:35:52: Created stream for output
16 Nov 2018 23:35:52: Bytes received: 263
16 Nov 2018 23:35:52: Connection terminated
16 Nov 2018 23:36:59: Accepted connection, fd = 4
16 Nov 2018 23:37:04: Created stream for input
16 Nov 2018 23:37:04: File type is 'a'
16 Nov 2018 23:37:04: Saving data to file spool/wei_a_1542429424.894323
16 Nov 2018 23:37:04: Created stream for output
16 Nov 2018 23:37:04: Bytes received: 263
16 Nov 2018 23:37:04: Connection terminated
16 Nov 2018 23:37:04: Accepted connection, fd = 4
16 Nov 2018 23:37:09: Created stream for input
16 Nov 2018 23:37:09: File type is 'a'
16 Nov 2018 23:37:09: Saving data to file spool/wei_a_1542429429.910208
16 Nov 2018 23:37:09: Created stream for output
16 Nov 2018 23:37:09: Bytes received: 263
16 Nov 2018 23:37:09: Connection terminated
16 Nov 2018 23:37:09: Accepted connection, fd = 4
16 Nov 2018 23:37:14: Created stream for input
16 Nov 2018 23:37:14: File type is 'a'
16 Nov 2018 23:37:14: Saving data to file spool/wei_a_1542429434.923391
16 Nov 2018 23:37:14: Created stream for output
16 Nov 2018 23:37:14: Bytes received: 263
16 Nov 2018 23:37:14: Connection terminated
16 Nov 2018 23:37:14: Accepted connection, fd = 4
16 Nov 2018 23:37:19: Created stream for input
16 Nov 2018 23:37:19: File type is 'a'
16 Nov 2018 23:37:19: Saving data to file spool/wei_a_1542429439.933277
16 Nov 2018 23:37:19: Created stream for output
16 Nov 2018 23:37:19: Bytes received: 263
16 Nov 2018 23:37:19: Connection terminated
16 Nov 2018 23:37:19: Accepted connection, fd = 4
16 Nov 2018 23:37:24: Created stream for input
16 Nov 2018 23:37:24: File type is 'a'
16 Nov 2018 23:37:24: Saving data to file spool/wei_a_1542429444.943471
16 Nov 2018 23:37:24: Created stream for output
16 Nov 2018 23:37:24: Bytes received: 263
16 Nov 2018 23:37:24: Connection terminated
16 Nov 2018 23:37:24: Accepted connection, fd = 4
16 Nov 2018 23:37:29: Created stream for input
16 Nov 2018 23:37:29: File type is 'a'
16 Nov 2018 23:37:29: Saving data to file spool/wei_a_1542429449.960914
16 Nov 2018 23:37:29: Created stream for output
16 Nov 2018 23:37:29: Bytes received: 263
16 Nov 2018 23:37:29: Connection terminated
16 Nov 2018 23:37:29: Accepted connection, fd = 4
16 Nov 2018 23:37:34: Created stream for input
16 Nov 2018 23:37:34: File type is 'a'
16 Nov 2018 23:37:34: Saving data to file spool/wei_a_1542429454.970316
16 Nov 2018 23:37:34: Created stream for output
16 Nov 2018 23:37:34: Bytes received: 263
16 Nov 2018 23:37:34: Connection terminated
16 Nov 2018 23:37:34: Accepted connection, fd = 4
16 Nov 2018 23:37:34: Dropping connection
16 Nov 2018 23:37:34: Accepted connection, fd = 4
16 Nov 2018 23:37:39: Created stream for input
16 Nov 2018 23:37:39: File type is 'a'
16 Nov 2018 23:37:39: Saving data to file spool/wei_a_1542429459.985592
16 Nov 2018 23:37:39: Created stream for output
16 Nov 2018 23:37:39: Bytes received: 263
16 Nov 2018 23:37:39: Connection terminated
16 Nov 2018 23:37:39: Accepted connection, fd = 4
16 Nov 2018 23:37:39: Dropping connection
16 Nov 2018 23:37:40: Accepted connection, fd = 4
16 Nov 2018 23:37:40: Dropping connection
16 Nov 2018 23:37:43: Accepted connection, fd = 4
16 Nov 2018 23:37:49: Created stream for input
16 Nov 2018 23:37:49: File type is 'a'
16 Nov 2018 23:37:49: Saving data to file spool/wei_a_1542429469.5587
16 Nov 2018 23:37:49: Created stream for output
16 Nov 2018 23:37:49: Bytes received: 263
16 Nov 2018 23:37:49: Connection terminated
16 Nov 2018 23:39:23: Accepted connection, fd = 4
16 Nov 2018 23:39:28: Created stream for input
16 Nov 2018 23:39:28: File type is 'a'
16 Nov 2018 23:39:28: Saving data to file spool/wei_a_1542429568.568904
16 Nov 2018 23:39:28: Created stream for output
16 Nov 2018 23:39:28: Bytes received: 749
16 Nov 2018 23:39:28: Connection terminated
16 Nov 2018 23:40:41: Accepted connection, fd = 4
16 Nov 2018 23:40:41: Dropping connection
16 Nov 2018 23:40:42: Accepted connection, fd = 4
16 Nov 2018 23:40:42: Dropping connection
16 Nov 2018 23:40:43: Accepted connection, fd = 4
16 Nov 2018 23:40:48: Created stream for input
16 Nov 2018 23:40:48: File type is 'a'
16 Nov 2018 23:40:48: Saving data to file spool/wei_a_1542429648.880459
16 Nov 2018 23:40:48: Created stream for output
16 Nov 2018 23:40:48: Bytes received: 263
16 Nov 2018 23:40:48: Connection terminated
16 Nov 2018 23:40:48: Accepted connection, fd = 4
16 Nov 2018 23:40:53: Created stream for input
16 Nov 2018 23:40:53: File type is 'a'
16 Nov 2018 23:40:53: Saving data to file spool/wei_a_1542429653.898389
16 Nov 2018 23:40:53: Created stream for output
16 Nov 2018 23:40:53: Bytes received: 263
16 Nov 2018 23:40:53: Connection terminated
16 Nov 2018 23:40:53: Accepted connection, fd = 4
16 Nov 2018 23:40:53: Dropping connection
16 Nov 2018 23:40:53: Accepted connection, fd = 4
16 Nov 2018 23:40:53: Dropping connection
16 Nov 2018 23:40:54: Accepted connection, fd = 4
16 Nov 2018 23:40:54: Dropping connection
16 Nov 2018 23:40:55: Accepted connection, fd = 4
16 Nov 2018 23:41:00: Created stream for input
16 Nov 2018 23:41:00: File type is 'a'
16 Nov 2018 23:41:00: Saving data to file spool/wei_a_1542429660.673618
16 Nov 2018 23:41:00: Created stream for output
16 Nov 2018 23:41:00: Bytes received: 263
16 Nov 2018 23:41:00: Connection terminated
16 Nov 2018 23:41:00: Accepted connection, fd = 4
16 Nov 2018 23:41:05: Created stream for input
16 Nov 2018 23:41:05: File type is 'a'
16 Nov 2018 23:41:05: Saving data to file spool/wei_a_1542429665.686952
16 Nov 2018 23:41:05: Created stream for output
16 Nov 2018 23:41:05: Bytes received: 263
16 Nov 2018 23:41:05: Connection terminated
16 Nov 2018 23:41:05: Accepted connection, fd = 4
16 Nov 2018 23:41:05: Dropping connection
16 Nov 2018 23:41:05: Accepted connection, fd = 4
16 Nov 2018 23:41:10: Created stream for input
16 Nov 2018 23:41:10: File type is 'a'
16 Nov 2018 23:41:10: Saving data to file spool/wei_a_1542429670.698808
16 Nov 2018 23:41:10: Created stream for output
16 Nov 2018 23:41:10: Bytes received: 263
16 Nov 2018 23:41:10: Connection terminated
16 Nov 2018 23:43:47: Accepted connection, fd = 4
16 Nov 2018 23:43:47: Dropping connection
16 Nov 2018 23:43:48: Accepted connection, fd = 4
16 Nov 2018 23:43:53: Created stream for input
16 Nov 2018 23:43:53: File type is 'a'
16 Nov 2018 23:43:53: Saving data to file spool/wei_a_1542429833.450762
16 Nov 2018 23:43:53: Created stream for output
16 Nov 2018 23:43:53: Bytes received: 263
16 Nov 2018 23:43:53: Connection terminated
16 Nov 2018 23:43:53: Accepted connection, fd = 4
16 Nov 2018 23:43:58: Created stream for input
16 Nov 2018 23:43:58: File type is 'a'
16 Nov 2018 23:43:58: Saving data to file spool/wei_a_1542429838.460652
16 Nov 2018 23:43:58: Created stream for output
16 Nov 2018 23:43:58: Bytes received: 263
16 Nov 2018 23:43:58: Connection terminated
16 Nov 2018 23:43:58: Accepted connection, fd = 4
16 Nov 2018 23:44:03: Created stream for input
16 Nov 2018 23:44:03: File type is 'a'
16 Nov 2018 23:44:03: Saving data to file spool/wei_a_1542429843.479254
16 Nov 2018 23:44:03: Created stream for output
16 Nov 2018 23:44:03: Bytes received: 263
16 Nov 2018 23:44:03: Connection terminated
16 Nov 2018 23:44:03: Accepted connection, fd = 4
16 Nov 2018 23:44:08: Created stream for input
16 Nov 2018 23:44:08: File type is 'a'
16 Nov 2018 23:44:08: Saving data to file spool/wei_a_1542429848.497827
16 Nov 2018 23:44:08: Created stream for output
16 Nov 2018 23:44:08: Bytes received: 263
16 Nov 2018 23:44:08: Connection terminated
16 Nov 2018 23:44:08: Accepted connection, fd = 4
16 Nov 2018 23:44:08: Dropping connection
16 Nov 2018 23:44:08: Accepted connection, fd = 4
16 Nov 2018 23:44:13: Created stream for input
16 Nov 2018 23:44:13: File type is 'a'
16 Nov 2018 23:44:13: Saving data to file spool/wei_a_1542429853.509965
16 Nov 2018 23:44:13: Created stream for output
16 Nov 2018 23:44:13: Bytes received: 263
16 Nov 2018 23:44:13: Connection terminated
16 Nov 2018 23:44:13: Accepted connection, fd = 4
16 Nov 2018 23:44:13: Dropping connection
16 Nov 2018 23:44:13: Accepted connection, fd = 4
16 Nov 2018 23:44:18: Created stream for input
16 Nov 2018 23:44:18: File type is 'a'
16 Nov 2018 23:44:18: Saving data to file spool/wei_a_1542429858.530684
16 Nov 2018 23:44:18: Created stream for output
16 Nov 2018 23:44:18: Bytes received: 263
16 Nov 2018 23:44:18: Connection terminated
16 Nov 2018 23:44:18: Accepted connection, fd = 4
16 Nov 2018 23:44:18: Dropping connection
16 Nov 2018 23:44:18: Accepted connection, fd = 4
16 Nov 2018 23:44:18: Dropping connection
16 Nov 2018 23:44:19: Accepted connection, fd = 4
16 Nov 2018 23:44:24: Created stream for input
16 Nov 2018 23:44:24: File type is 'a'
16 Nov 2018 23:44:24: Saving data to file spool/wei_a_1542429864.552413
16 Nov 2018 23:44:24: Created stream for output
16 Nov 2018 23:44:24: Bytes received: 263
16 Nov 2018 23:44:24: Connection terminated
16 Nov 2018 23:44:55: Accepted connection, fd = 4
16 Nov 2018 23:44:55: Dropping connection
16 Nov 2018 23:44:56: Accepted connection, fd = 4
16 Nov 2018 23:44:56: Dropping connection
16 Nov 2018 23:44:57: Accepted connection, fd = 4
16 Nov 2018 23:44:57: Dropping connection
16 Nov 2018 23:44:58: Accepted connection, fd = 4
16 Nov 2018 23:44:58: Dropping connection
16 Nov 2018 23:44:59: Accepted connection, fd = 4
16 Nov 2018 23:44:59: Dropping connection
16 Nov 2018 23:45:00: Accepted connection, fd = 4
16 Nov 2018 23:45:05: Created stream for input
16 Nov 2018 23:45:05: File type is 'a'
16 Nov 2018 23:45:05: Saving data to file spool/wei_a_1542429905.453602
16 Nov 2018 23:45:05: Created stream for output
16 Nov 2018 23:45:05: Bytes received: 263
16 Nov 2018 23:45:05: Connection terminated
16 Nov 2018 23:45:05: Accepted connection, fd = 4
16 Nov 2018 23:45:10: Created stream for input
16 Nov 2018 23:45:10: File type is 'a'
16 Nov 2018 23:45:10: Saving data to file spool/wei_a_1542429910.466854
16 Nov 2018 23:45:10: Created stream for output
16 Nov 2018 23:45:10: Bytes received: 263
16 Nov 2018 23:45:10: Connection terminated
16 Nov 2018 23:45:10: Accepted connection, fd = 4
16 Nov 2018 23:45:15: Created stream for input
16 Nov 2018 23:45:15: File type is 'a'
16 Nov 2018 23:45:15: Saving data to file spool/wei_a_1542429915.480953
16 Nov 2018 23:45:15: Created stream for output
16 Nov 2018 23:45:15: Bytes received: 263
16 Nov 2018 23:45:15: Connection terminated
16 Nov 2018 23:45:15: Accepted connection, fd = 4
16 Nov 2018 23:45:20: Created stream for input
16 Nov 2018 23:45:20: File type is 'a'
16 Nov 2018 23:45:20: Saving data to file spool/wei_a_1542429920.491530
16 Nov 2018 23:45:20: Created stream for output
16 Nov 2018 23:45:20: Bytes received: 263
16 Nov 2018 23:45:20: Connection terminated
16 Nov 2018 23:45:20: Accepted connection, fd = 4
16 Nov 2018 23:45:25: Created stream for input
16 Nov 2018 23:45:25: File type is 'a'
16 Nov 2018 23:45:25: Saving data to file spool/wei_a_1542429925.505428
16 Nov 2018 23:45:25: Created stream for output
16 Nov 2018 23:45:25: Bytes received: 263
16 Nov 2018 23:45:25: Connection terminated
16 Nov 2018 23:45:25: Accepted connection, fd = 4
16 Nov 2018 23:45:30: Created stream for input
16 Nov 2018 23:45:30: File type is 'a'
16 Nov 2018 23:45:30: Saving data to file spool/wei_a_1542429930.525682
16 Nov 2018 23:45:30: Created stream for output
16 Nov 2018 23:45:30: Bytes received: 263
16 Nov 2018 23:45:30: Connection terminated
16 Nov 2018 23:45:30: Accepted connection, fd = 4
16 Nov 2018 23:45:35: Created stream for input
16 Nov 2018 23:45:35: File type is 'a'
16 Nov 2018 23:45:35: Saving data to file spool/wei_a_1542429935.542499
16 Nov 2018 23:45:35: Created stream for output
16 Nov 2018 23:45:35: Bytes received: 263
16 Nov 2018 23:45:35: Connection terminated
16 Nov 2018 23:45:37: Accepted connection, fd = 4
16 Nov 2018 23:45:37: Dropping connection
16 Nov 2018 23:45:38: Accepted connection, fd = 4
16 Nov 2018 23:45:43: Created stream for input
16 Nov 2018 23:45:43: File type is 'a'
16 Nov 2018 23:45:43: Saving data to file spool/wei_a_1542429943.656703
16 Nov 2018 23:45:43: Created stream for output
16 Nov 2018 23:45:43: Bytes received: 263
16 Nov 2018 23:45:43: Connection terminated
16 Nov 2018 23:45:43: Accepted connection, fd = 4
16 Nov 2018 23:45:43: Dropping connection
16 Nov 2018 23:45:43: Accepted connection, fd = 4
16 Nov 2018 23:45:43: Dropping connection
16 Nov 2018 23:45:44: Accepted connection, fd = 4
16 Nov 2018 23:45:44: Dropping connection
16 Nov 2018 23:45:45: Accepted connection, fd = 4
16 Nov 2018 23:45:45: Dropping connection
16 Nov 2018 23:45:46: Accepted connection, fd = 4
16 Nov 2018 23:45:51: Created stream for input
16 Nov 2018 23:45:51: File type is 'a'
16 Nov 2018 23:45:51: Saving data to file spool/wei_a_1542429951.699259
16 Nov 2018 23:45:51: Created stream for output
16 Nov 2018 23:45:51: Bytes received: 263
16 Nov 2018 23:45:51: Connection terminated
16 Nov 2018 23:45:51: Accepted connection, fd = 4
16 Nov 2018 23:45:56: Created stream for input
16 Nov 2018 23:45:56: File type is 'a'
16 Nov 2018 23:45:56: Saving data to file spool/wei_a_1542429956.715104
16 Nov 2018 23:45:56: Created stream for output
16 Nov 2018 23:45:56: Bytes received: 263
16 Nov 2018 23:45:56: Connection terminated
16 Nov 2018 23:45:56: Accepted connection, fd = 4
16 Nov 2018 23:45:56: Dropping connection
16 Nov 2018 23:45:56: Accepted connection, fd = 4
16 Nov 2018 23:45:56: Dropping connection
16 Nov 2018 23:45:57: Accepted connection, fd = 4
16 Nov 2018 23:46:02: Created stream for input
16 Nov 2018 23:46:02: File type is 'a'
16 Nov 2018 23:46:02: Saving data to file spool/wei_a_1542429962.726161
16 Nov 2018 23:46:02: Created stream for output
16 Nov 2018 23:46:02: Bytes received: 263
16 Nov 2018 23:46:02: Connection terminated
16 Nov 2018 23:46:02: Accepted connection, fd = 4
16 Nov 2018 23:46:07: Created stream for input
16 Nov 2018 23:46:07: File type is 'a'
16 Nov 2018 23:46:07: Saving data to file spool/wei_a_1542429967.734812
16 Nov 2018 23:46:07: Created stream for output
16 Nov 2018 23:46:07: Bytes received: 263
16 Nov 2018 23:46:07: Connection terminated
16 Nov 2018 23:47:50: Accepted connection, fd = 4
16 Nov 2018 23:47:55: Created stream for input
16 Nov 2018 23:47:55: File type is 'a'
16 Nov 2018 23:47:55: Saving data to file spool/wei_a_1542430075.156183
16 Nov 2018 23:47:55: Created stream for output
16 Nov 2018 23:47:55: Bytes received: 263
16 Nov 2018 23:47:55: Connection terminated
16 Nov 2018 23:47:55: Accepted connection, fd = 4
16 Nov 2018 23:47:55: Dropping connection
16 Nov 2018 23:47:55: Accepted connection, fd = 4
16 Nov 2018 23:47:55: Dropping connection
16 Nov 2018 23:47:56: Accepted connection, fd = 4
16 Nov 2018 23:48:01: Created stream for input
16 Nov 2018 23:48:01: File type is 'a'
16 Nov 2018 23:48:01: Saving data to file spool/wei_a_1542430081.243461
16 Nov 2018 23:48:01: Created stream for output
16 Nov 2018 23:48:01: Bytes received: 263
16 Nov 2018 23:48:01: Connection terminated
16 Nov 2018 23:48:01: Accepted connection, fd = 4
16 Nov 2018 23:48:06: Created stream for input
16 Nov 2018 23:48:06: File type is 'a'
16 Nov 2018 23:48:06: Saving data to file spool/wei_a_1542430086.259272
16 Nov 2018 23:48:06: Created stream for output
16 Nov 2018 23:48:06: Bytes received: 263
16 Nov 2018 23:48:06: Connection terminated
16 Nov 2018 23:48:06: Accepted connection, fd = 4
16 Nov 2018 23:48:06: Dropping connection
16 Nov 2018 23:48:06: Accepted connection, fd = 4
16 Nov 2018 23:48:11: Created stream for input
16 Nov 2018 23:48:11: File type is 'a'
16 Nov 2018 23:48:11: Saving data to file spool/wei_a_1542430091.270636
16 Nov 2018 23:48:11: Created stream for output
16 Nov 2018 23:48:11: Bytes received: 263
16 Nov 2018 23:48:11: Connection terminated
16 Nov 2018 23:48:11: Accepted connection, fd = 4
16 Nov 2018 23:48:16: Created stream for input
16 Nov 2018 23:48:16: File type is 'a'
16 Nov 2018 23:48:16: Saving data to file spool/wei_a_1542430096.279915
16 Nov 2018 23:48:16: Created stream for output
16 Nov 2018 23:48:16: Bytes received: 263
16 Nov 2018 23:48:16: Connection terminated
16 Nov 2018 23:48:16: Accepted connection, fd = 4
16 Nov 2018 23:48:16: Dropping connection
16 Nov 2018 23:48:16: Accepted connection, fd = 4
16 Nov 2018 23:48:21: Created stream for input
16 Nov 2018 23:48:21: File type is 'a'
16 Nov 2018 23:48:21: Saving data to file spool/wei_a_1542430101.295947
16 Nov 2018 23:48:21: Created stream for output
16 Nov 2018 23:48:21: Bytes received: 263
16 Nov 2018 23:48:21: Connection terminated
16 Nov 2018 23:48:21: Accepted connection, fd = 4
16 Nov 2018 23:48:26: Created stream for input
16 Nov 2018 23:48:26: File type is 'a'
16 Nov 2018 23:48:26: Saving data to file spool/wei_a_1542430106.308543
16 Nov 2018 23:48:26: Created stream for output
16 Nov 2018 23:48:26: Bytes received: 263
16 Nov 2018 23:48:26: Connection terminated
16 Nov 2018 23:48:26: Accepted connection, fd = 4
16 Nov 2018 23:48:26: Dropping connection
16 Nov 2018 23:52:56: Accepted connection, fd = 4
16 Nov 2018 23:53:01: Created stream for input
16 Nov 2018 23:53:01: File type is 'a'
16 Nov 2018 23:53:01: Saving data to file spool/wei_a_1542430381.984943
16 Nov 2018 23:53:01: Created stream for output
16 Nov 2018 23:53:01: Bytes received: 263
16 Nov 2018 23:53:01: Connection terminated
16 Nov 2018 23:53:01: Accepted connection, fd = 4
16 Nov 2018 23:53:01: Dropping connection
16 Nov 2018 23:53:01: Accepted connection, fd = 4
16 Nov 2018 23:53:01: Dropping connection
16 Nov 2018 23:53:03: Accepted connection, fd = 4
16 Nov 2018 23:53:03: Dropping connection
16 Nov 2018 23:53:04: Accepted connection, fd = 4
16 Nov 2018 23:53:04: Dropping connection
16 Nov 2018 23:53:05: Accepted connection, fd = 4
16 Nov 2018 23:53:10: Created stream for input
16 Nov 2018 23:53:10: File type is 'a'
16 Nov 2018 23:53:10: Saving data to file spool/wei_a_1542430390.220084
16 Nov 2018 23:53:10: Created stream for output
16 Nov 2018 23:53:10: Bytes received: 263
16 Nov 2018 23:53:10: Connection terminated
16 Nov 2018 23:53:10: Accepted connection, fd = 4
16 Nov 2018 23:53:15: Created stream for input
16 Nov 2018 23:53:15: File type is 'a'
16 Nov 2018 23:53:15: Saving data to file spool/wei_a_1542430395.243612
16 Nov 2018 23:53:15: Created stream for output
16 Nov 2018 23:53:15: Bytes received: 263
16 Nov 2018 23:53:15: Connection terminated
16 Nov 2018 23:53:15: Accepted connection, fd = 4
16 Nov 2018 23:53:15: Dropping connection
16 Nov 2018 23:53:15: Accepted connection, fd = 4
16 Nov 2018 23:53:15: Dropping connection
16 Nov 2018 23:53:16: Accepted connection, fd = 4
16 Nov 2018 23:53:16: Dropping connection
16 Nov 2018 23:53:17: Accepted connection, fd = 4
16 Nov 2018 23:53:17: Dropping connection
16 Nov 2018 23:53:18: Accepted connection, fd = 4
16 Nov 2018 23:53:23: Created stream for input
16 Nov 2018 23:53:23: File type is 'a'
16 Nov 2018 23:53:23: Saving data to file spool/wei_a_1542430403.511224
16 Nov 2018 23:53:23: Created stream for output
16 Nov 2018 23:53:23: Bytes received: 263
16 Nov 2018 23:53:23: Connection terminated
17 Nov 2018 00:11:02: Accepted connection, fd = 4
17 Nov 2018 00:11:02: Dropping connection
17 Nov 2018 00:11:03: Accepted connection, fd = 4
17 Nov 2018 00:11:03: Dropping connection
17 Nov 2018 00:11:04: Accepted connection, fd = 4
17 Nov 2018 00:11:09: Created stream for input
17 Nov 2018 00:11:09: File type is 'a'
17 Nov 2018 00:11:09: Saving data to file spool/wei_a_1542431469.744373
17 Nov 2018 00:11:09: Created stream for output
17 Nov 2018 00:11:09: Bytes received: 263
17 Nov 2018 00:11:09: Connection terminated
17 Nov 2018 00:11:09: Accepted connection, fd = 4
17 Nov 2018 00:11:09: Dropping connection
17 Nov 2018 00:11:09: Accepted connection, fd = 4
17 Nov 2018 00:11:14: Created stream for input
17 Nov 2018 00:11:14: File type is 'a'
17 Nov 2018 00:11:14: Saving data to file spool/wei_a_1542431474.757094
17 Nov 2018 00:11:14: Created stream for output
17 Nov 2018 00:11:14: Bytes received: 263
17 Nov 2018 00:11:14: Connection terminated
17 Nov 2018 00:11:14: Accepted connection, fd = 4
17 Nov 2018 00:11:14: Dropping connection
17 Nov 2018 00:11:14: Accepted connection, fd = 4
17 Nov 2018 00:11:14: Dropping connection
17 Nov 2018 00:11:35: Accepted connection, fd = 4
17 Nov 2018 00:11:40: Created stream for input
17 Nov 2018 00:11:40: File type is 'a'
17 Nov 2018 00:11:40: Saving data to file spool/wei_a_1542431500.336469
17 Nov 2018 00:11:40: Created stream for output
17 Nov 2018 00:11:40: Bytes received: 263
17 Nov 2018 00:11:40: Connection terminated
17 Nov 2018 00:11:40: Accepted connection, fd = 4
17 Nov 2018 00:11:45: Created stream for input
17 Nov 2018 00:11:45: File type is 'a'
17 Nov 2018 00:11:45: Saving data to file spool/wei_a_1542431505.348850
17 Nov 2018 00:11:45: Created stream for output
17 Nov 2018 00:11:45: Bytes received: 263
17 Nov 2018 00:11:45: Connection terminated
17 Nov 2018 00:11:45: Accepted connection, fd = 4
17 Nov 2018 00:11:45: Dropping connection
17 Nov 2018 00:11:45: Accepted connection, fd = 4
17 Nov 2018 00:11:45: Dropping connection
17 Nov 2018 00:11:46: Accepted connection, fd = 4
17 Nov 2018 00:11:46: Dropping connection
17 Nov 2018 00:19:20: Accepted connection, fd = 4
17 Nov 2018 00:19:25: Created stream for input
17 Nov 2018 00:19:25: File type is 'a'
17 Nov 2018 00:19:25: Saving data to file spool/wei_a_1542431965.341262
17 Nov 2018 00:19:25: Created stream for output
17 Nov 2018 00:19:25: Bytes received: 263
17 Nov 2018 00:19:25: Connection terminated
17 Nov 2018 00:19:25: Accepted connection, fd = 4
17 Nov 2018 00:19:30: Created stream for input
17 Nov 2018 00:19:30: File type is 'a'
17 Nov 2018 00:19:30: Saving data to file spool/wei_a_1542431970.353030
17 Nov 2018 00:19:30: Created stream for output
17 Nov 2018 00:19:30: Bytes received: 263
17 Nov 2018 00:19:30: Connection terminated
17 Nov 2018 00:19:30: Accepted connection, fd = 4
17 Nov 2018 00:19:35: Created stream for input
17 Nov 2018 00:19:35: File type is 'a'
17 Nov 2018 00:19:35: Saving data to file spool/wei_a_1542431975.364744
17 Nov 2018 00:19:35: Created stream for output
17 Nov 2018 00:19:35: Bytes received: 263
17 Nov 2018 00:19:35: Connection terminated
17 Nov 2018 00:19:35: Accepted connection, fd = 4
17 Nov 2018 00:19:40: Created stream for input
17 Nov 2018 00:19:40: File type is 'a'
17 Nov 2018 00:19:40: Saving data to file spool/wei_a_1542431980.376274
17 Nov 2018 00:19:40: Created stream for output
17 Nov 2018 00:19:40: Bytes received: 263
17 Nov 2018 00:19:40: Connection terminated
17 Nov 2018 00:19:40: Accepted connection, fd = 4
17 Nov 2018 00:19:45: Created stream for input
17 Nov 2018 00:19:45: File type is 'a'
17 Nov 2018 00:19:45: Saving data to file spool/wei_a_1542431985.387472
17 Nov 2018 00:19:45: Created stream for output
17 Nov 2018 00:19:45: Bytes received: 263
17 Nov 2018 00:19:45: Connection terminated
17 Nov 2018 00:19:45: Accepted connection, fd = 4
17 Nov 2018 00:19:50: Created stream for input
17 Nov 2018 00:19:50: File type is 'a'
17 Nov 2018 00:19:50: Saving data to file spool/wei_a_1542431990.399960
17 Nov 2018 00:19:50: Created stream for output
17 Nov 2018 00:19:50: Bytes received: 263
17 Nov 2018 00:19:50: Connection terminated
17 Nov 2018 00:19:50: Accepted connection, fd = 4
17 Nov 2018 00:19:50: Dropping connection
17 Nov 2018 00:19:50: Accepted connection, fd = 4
17 Nov 2018 00:19:50: Dropping connection
17 Nov 2018 00:19:51: Accepted connection, fd = 4
17 Nov 2018 00:19:56: Created stream for input
17 Nov 2018 00:19:56: File type is 'a'
17 Nov 2018 00:19:56: Saving data to file spool/wei_a_1542431996.418612
17 Nov 2018 00:19:56: Created stream for output
17 Nov 2018 00:19:56: Bytes received: 263
17 Nov 2018 00:19:56: Connection terminated
17 Nov 2018 00:19:56: Accepted connection, fd = 4
17 Nov 2018 00:20:01: Created stream for input
17 Nov 2018 00:20:01: File type is 'a'
17 Nov 2018 00:20:01: Saving data to file spool/wei_a_1542432001.431362
17 Nov 2018 00:20:01: Created stream for output
17 Nov 2018 00:20:01: Bytes received: 263
17 Nov 2018 00:20:01: Connection terminated
17 Nov 2018 00:20:01: Accepted connection, fd = 4
17 Nov 2018 00:20:06: Created stream for input
17 Nov 2018 00:20:06: File type is 'a'
17 Nov 2018 00:20:06: Saving data to file spool/wei_a_1542432006.444814
17 Nov 2018 00:20:06: Created stream for output
17 Nov 2018 00:20:06: Bytes received: 263
17 Nov 2018 00:20:06: Connection terminated
17 Nov 2018 00:20:06: Accepted connection, fd = 4
17 Nov 2018 00:20:11: Created stream for input
17 Nov 2018 00:20:11: File type is 'a'
17 Nov 2018 00:20:11: Saving data to file spool/wei_a_1542432011.454936
17 Nov 2018 00:20:11: Created stream for output
17 Nov 2018 00:20:11: Bytes received: 263
17 Nov 2018 00:20:11: Connection terminated
17 Nov 2018 00:25:35: Accepted connection, fd = 4
17 Nov 2018 00:25:35: Dropping connection
17 Nov 2018 00:25:36: Accepted connection, fd = 4
17 Nov 2018 00:25:41: Created stream for input
17 Nov 2018 00:25:41: File type is 'a'
17 Nov 2018 00:25:41: Saving data to file spool/wei_a_1542432341.496173
17 Nov 2018 00:25:41: Created stream for output
17 Nov 2018 00:25:41: Bytes received: 263
17 Nov 2018 00:25:41: Connection terminated
17 Nov 2018 00:25:41: Accepted connection, fd = 4
17 Nov 2018 00:25:41: Dropping connection
17 Nov 2018 00:25:41: Accepted connection, fd = 4
17 Nov 2018 00:25:46: Created stream for input
17 Nov 2018 00:25:46: File type is 'a'
17 Nov 2018 00:25:46: Saving data to file spool/wei_a_1542432346.514584
17 Nov 2018 00:25:46: Created stream for output
17 Nov 2018 00:25:46: Bytes received: 263
17 Nov 2018 00:25:46: Connection terminated
17 Nov 2018 00:25:46: Accepted connection, fd = 4
17 Nov 2018 00:25:51: Created stream for input
17 Nov 2018 00:25:51: File type is 'a'
17 Nov 2018 00:25:51: Saving data to file spool/wei_a_1542432351.528787
17 Nov 2018 00:25:51: Created stream for output
17 Nov 2018 00:25:51: Bytes received: 263
17 Nov 2018 00:25:51: Connection terminated
17 Nov 2018 00:25:51: Accepted connection, fd = 4
17 Nov 2018 00:25:56: Created stream for input
17 Nov 2018 00:25:56: File type is 'a'
17 Nov 2018 00:25:56: Saving data to file spool/wei_a_1542432356.538966
17 Nov 2018 00:25:56: Created stream for output
17 Nov 2018 00:25:56: Bytes received: 263
17 Nov 2018 00:25:56: Connection terminated
17 Nov 2018 00:25:56: Accepted connection, fd = 4
17 Nov 2018 00:26:01: Created stream for input
17 Nov 2018 00:26:01: File type is 'a'
17 Nov 2018 00:26:01: Saving data to file spool/wei_a_1542432361.547599
17 Nov 2018 00:26:01: Created stream for output
17 Nov 2018 00:26:01: Bytes received: 263
17 Nov 2018 00:26:01: Connection terminated
17 Nov 2018 00:26:01: Accepted connection, fd = 4
17 Nov 2018 00:26:06: Created stream for input
17 Nov 2018 00:26:06: File type is 'a'
17 Nov 2018 00:26:06: Saving data to file spool/wei_a_1542432366.562528
17 Nov 2018 00:26:06: Created stream for output
17 Nov 2018 00:26:06: Bytes received: 263
17 Nov 2018 00:26:06: Connection terminated
17 Nov 2018 00:26:06: Accepted connection, fd = 4
17 Nov 2018 00:26:06: Dropping connection
17 Nov 2018 00:26:06: Accepted connection, fd = 4
17 Nov 2018 00:26:06: Dropping connection
17 Nov 2018 00:26:07: Accepted connection, fd = 4
17 Nov 2018 00:26:07: Dropping connection
17 Nov 2018 00:26:08: Accepted connection, fd = 4
17 Nov 2018 00:26:13: Created stream for input
17 Nov 2018 00:26:13: File type is 'a'
17 Nov 2018 00:26:13: Saving data to file spool/wei_a_1542432373.584161
17 Nov 2018 00:26:13: Created stream for output
17 Nov 2018 00:26:13: Bytes received: 263
17 Nov 2018 00:26:13: Connection terminated
17 Nov 2018 12:47:07: Accepted connection, fd = 4
17 Nov 2018 12:47:12: Created stream for input
17 Nov 2018 12:47:12: File type is 'a'
17 Nov 2018 12:47:12: Saving data to file spool/wei_a_1542476832.693518
17 Nov 2018 12:47:12: Created stream for output
17 Nov 2018 12:47:12: Bytes received: 263
17 Nov 2018 12:47:12: Connection terminated
17 Nov 2018 12:47:12: Accepted connection, fd = 4
17 Nov 2018 12:47:12: Dropping connection
17 Nov 2018 12:47:12: Accepted connection, fd = 4
17 Nov 2018 12:47:12: Dropping connection
17 Nov 2018 12:47:13: Accepted connection, fd = 4
17 Nov 2018 12:47:13: Dropping connection
17 Nov 2018 12:47:14: Accepted connection, fd = 4
17 Nov 2018 12:47:14: Dropping connection
17 Nov 2018 12:47:15: Accepted connection, fd = 4
17 Nov 2018 12:47:20: Created stream for input
17 Nov 2018 12:47:20: File type is 'a'
17 Nov 2018 12:47:20: Saving data to file spool/wei_a_1542476840.724708
17 Nov 2018 12:47:20: Created stream for output
17 Nov 2018 12:47:20: Bytes received: 263
17 Nov 2018 12:47:20: Connection terminated
17 Nov 2018 12:47:20: Accepted connection, fd = 4
17 Nov 2018 12:47:25: Created stream for input
17 Nov 2018 12:47:25: File type is 'a'
17 Nov 2018 12:47:25: Saving data to file spool/wei_a_1542476845.737649
17 Nov 2018 12:47:25: Created stream for output
17 Nov 2018 12:47:25: Bytes received: 263
17 Nov 2018 12:47:25: Connection terminated
17 Nov 2018 12:47:25: Accepted connection, fd = 4
17 Nov 2018 12:47:25: Dropping connection
17 Nov 2018 12:47:25: Accepted connection, fd = 4
17 Nov 2018 12:47:30: Created stream for input
17 Nov 2018 12:47:30: File type is 'a'
17 Nov 2018 12:47:30: Saving data to file spool/wei_a_1542476850.747733
17 Nov 2018 12:47:30: Created stream for output
17 Nov 2018 12:47:30: Bytes received: 263
17 Nov 2018 12:47:30: Connection terminated
17 Nov 2018 12:47:30: Accepted connection, fd = 4
17 Nov 2018 12:47:30: Dropping connection
17 Nov 2018 12:47:30: Accepted connection, fd = 4
17 Nov 2018 12:47:35: Created stream for input
17 Nov 2018 12:47:35: File type is 'a'
17 Nov 2018 12:47:35: Saving data to file spool/wei_a_1542476855.757248
17 Nov 2018 12:47:35: Created stream for output
17 Nov 2018 12:47:35: Bytes received: 263
17 Nov 2018 12:47:35: Connection terminated
17 Nov 2018 12:47:35: Accepted connection, fd = 4
17 Nov 2018 12:47:35: Dropping connection
17 Nov 2018 13:05:27: Accepted connection, fd = 4
17 Nov 2018 13:05:32: Created stream for input
17 Nov 2018 13:05:32: File type is 'a'
17 Nov 2018 13:05:32: Saving data to file spool/wei_a_1542477932.903080
17 Nov 2018 13:05:32: Created stream for output
17 Nov 2018 13:05:32: Bytes received: 263
17 Nov 2018 13:05:32: Connection terminated
17 Nov 2018 13:06:19: Accepted connection, fd = 4
17 Nov 2018 13:06:19: Dropping connection
17 Nov 2018 13:06:20: Accepted connection, fd = 4
17 Nov 2018 13:06:25: Created stream for input
17 Nov 2018 13:06:25: File type is 'a'
17 Nov 2018 13:06:25: Saving data to file spool/wei_a_1542477985.395015
17 Nov 2018 13:06:25: Created stream for output
17 Nov 2018 13:06:25: Bytes received: 263
17 Nov 2018 13:06:25: Connection terminated
17 Nov 2018 13:06:25: Accepted connection, fd = 4
17 Nov 2018 13:06:30: Created stream for input
17 Nov 2018 13:06:30: File type is 'a'
17 Nov 2018 13:06:30: Saving data to file spool/wei_a_1542477990.408996
17 Nov 2018 13:06:30: Created stream for output
17 Nov 2018 13:06:30: Bytes received: 263
17 Nov 2018 13:06:30: Connection terminated
17 Nov 2018 13:06:30: Accepted connection, fd = 4
17 Nov 2018 13:06:35: Created stream for input
17 Nov 2018 13:06:35: File type is 'a'
17 Nov 2018 13:06:35: Saving data to file spool/wei_a_1542477995.426161
17 Nov 2018 13:06:35: Created stream for output
17 Nov 2018 13:06:35: Bytes received: 263
17 Nov 2018 13:06:35: Connection terminated
17 Nov 2018 13:06:35: Accepted connection, fd = 4
17 Nov 2018 13:06:35: Dropping connection
17 Nov 2018 13:06:35: Accepted connection, fd = 4
17 Nov 2018 13:06:40: Created stream for input
17 Nov 2018 13:06:40: File type is 'a'
17 Nov 2018 13:06:40: Saving data to file spool/wei_a_1542478000.437862
17 Nov 2018 13:06:40: Created stream for output
17 Nov 2018 13:06:40: Bytes received: 263
17 Nov 2018 13:06:40: Connection terminated
17 Nov 2018 13:06:40: Accepted connection, fd = 4
17 Nov 2018 13:06:40: Dropping connection
17 Nov 2018 13:06:40: Accepted connection, fd = 4
17 Nov 2018 13:06:45: Created stream for input
17 Nov 2018 13:06:45: File type is 'a'
17 Nov 2018 13:06:45: Saving data to file spool/wei_a_1542478005.455532
17 Nov 2018 13:06:45: Created stream for output
17 Nov 2018 13:06:45: Bytes received: 263
17 Nov 2018 13:06:45: Connection terminated
17 Nov 2018 13:06:45: Accepted connection, fd = 4
17 Nov 2018 13:06:50: Created stream for input
17 Nov 2018 13:06:50: File type is 'a'
17 Nov 2018 13:06:50: Saving data to file spool/wei_a_1542478010.514278
17 Nov 2018 13:06:50: Created stream for output
17 Nov 2018 13:06:50: Bytes received: 263
17 Nov 2018 13:06:50: Connection terminated
17 Nov 2018 13:10:09: Accepted connection, fd = 4
17 Nov 2018 13:10:14: Created stream for input
17 Nov 2018 13:10:14: File type is 'a'
17 Nov 2018 13:10:14: Saving data to file spool/wei_a_1542478214.731659
17 Nov 2018 13:10:14: Created stream for output
17 Nov 2018 13:10:14: Bytes received: 263
17 Nov 2018 13:10:14: Connection terminated
17 Nov 2018 13:10:14: Accepted connection, fd = 4
17 Nov 2018 13:10:14: Dropping connection
17 Nov 2018 13:10:14: Accepted connection, fd = 4
17 Nov 2018 13:10:19: Created stream for input
17 Nov 2018 13:10:19: File type is 'a'
17 Nov 2018 13:10:19: Saving data to file spool/wei_a_1542478219.753668
17 Nov 2018 13:10:19: Created stream for output
17 Nov 2018 13:10:19: Bytes received: 263
17 Nov 2018 13:10:19: Connection terminated
17 Nov 2018 13:10:19: Accepted connection, fd = 4
17 Nov 2018 13:10:19: Dropping connection
17 Nov 2018 13:10:19: Accepted connection, fd = 4
17 Nov 2018 13:10:24: Created stream for input
17 Nov 2018 13:10:24: File type is 'a'
17 Nov 2018 13:10:24: Saving data to file spool/wei_a_1542478224.774409
17 Nov 2018 13:10:24: Created stream for output
17 Nov 2018 13:10:24: Bytes received: 263
17 Nov 2018 13:10:24: Connection terminated
17 Nov 2018 13:10:24: Accepted connection, fd = 4
17 Nov 2018 13:10:29: Created stream for input
17 Nov 2018 13:10:29: File type is 'a'
17 Nov 2018 13:10:29: Saving data to file spool/wei_a_1542478229.796671
17 Nov 2018 13:10:29: Created stream for output
17 Nov 2018 13:10:29: Bytes received: 263
17 Nov 2018 13:10:29: Connection terminated
17 Nov 2018 13:10:29: Accepted connection, fd = 4
17 Nov 2018 13:10:34: Created stream for input
17 Nov 2018 13:10:34: File type is 'a'
17 Nov 2018 13:10:34: Saving data to file spool/wei_a_1542478234.965992
17 Nov 2018 13:10:34: Created stream for output
17 Nov 2018 13:10:34: Bytes received: 263
17 Nov 2018 13:10:34: Connection terminated
17 Nov 2018 13:10:34: Accepted connection, fd = 4
17 Nov 2018 13:10:34: Dropping connection
17 Nov 2018 13:10:34: Accepted connection, fd = 4
17 Nov 2018 13:10:34: Dropping connection
17 Nov 2018 13:18:17: Accepted connection, fd = 4
17 Nov 2018 13:18:17: Dropping connection
17 Nov 2018 13:18:18: Accepted connection, fd = 4
17 Nov 2018 13:18:18: Dropping connection
17 Nov 2018 13:18:19: Accepted connection, fd = 4
17 Nov 2018 13:18:24: Created stream for input
17 Nov 2018 13:18:24: File type is 'a'
17 Nov 2018 13:18:24: Saving data to file spool/wei_a_1542478704.641005
17 Nov 2018 13:18:24: Created stream for output
17 Nov 2018 13:18:24: Bytes received: 263
17 Nov 2018 13:18:24: Connection terminated
17 Nov 2018 13:18:24: Accepted connection, fd = 4
17 Nov 2018 13:18:29: Created stream for input
17 Nov 2018 13:18:29: File type is 'a'
17 Nov 2018 13:18:29: Saving data to file spool/wei_a_1542478709.654012
17 Nov 2018 13:18:29: Created stream for output
17 Nov 2018 13:18:29: Bytes received: 263
17 Nov 2018 13:18:29: Connection terminated
17 Nov 2018 13:18:29: Accepted connection, fd = 4
17 Nov 2018 13:18:34: Created stream for input
17 Nov 2018 13:18:34: File type is 'a'
17 Nov 2018 13:18:34: Saving data to file spool/wei_a_1542478714.672095
17 Nov 2018 13:18:34: Created stream for output
17 Nov 2018 13:18:34: Bytes received: 263
17 Nov 2018 13:18:34: Connection terminated
17 Nov 2018 13:18:34: Accepted connection, fd = 4
17 Nov 2018 13:18:34: Dropping connection
17 Nov 2018 13:18:34: Accepted connection, fd = 4
17 Nov 2018 13:18:34: Dropping connection
17 Nov 2018 13:18:35: Accepted connection, fd = 4
17 Nov 2018 13:18:40: Created stream for input
17 Nov 2018 13:18:40: File type is 'a'
17 Nov 2018 13:18:40: Saving data to file spool/wei_a_1542478720.693658
17 Nov 2018 13:18:40: Created stream for output
17 Nov 2018 13:18:40: Bytes received: 263
17 Nov 2018 13:18:40: Connection terminated
17 Nov 2018 13:18:40: Accepted connection, fd = 4
17 Nov 2018 13:18:45: Created stream for input
17 Nov 2018 13:18:45: File type is 'a'
17 Nov 2018 13:18:45: Saving data to file spool/wei_a_1542478725.706532
17 Nov 2018 13:18:45: Created stream for output
17 Nov 2018 13:18:45: Bytes received: 263
17 Nov 2018 13:18:45: Connection terminated
17 Nov 2018 13:18:49: Accepted connection, fd = 4
17 Nov 2018 13:18:54: Created stream for input
17 Nov 2018 13:18:54: File type is 'a'
17 Nov 2018 13:18:54: Saving data to file spool/wei_a_1542478734.838894
17 Nov 2018 13:18:54: Created stream for output
17 Nov 2018 13:18:54: Bytes received: 263
17 Nov 2018 13:18:54: Connection terminated
17 Nov 2018 13:18:54: Accepted connection, fd = 4
17 Nov 2018 13:18:59: Created stream for input
17 Nov 2018 13:18:59: File type is 'a'
17 Nov 2018 13:18:59: Saving data to file spool/wei_a_1542478739.860535
17 Nov 2018 13:18:59: Created stream for output
17 Nov 2018 13:18:59: Bytes received: 263
17 Nov 2018 13:18:59: Connection terminated
17 Nov 2018 13:18:59: Accepted connection, fd = 4
17 Nov 2018 13:18:59: Dropping connection
17 Nov 2018 13:18:59: Accepted connection, fd = 4
17 Nov 2018 13:18:59: Dropping connection
17 Nov 2018 13:21:26: Accepted connection, fd = 4
17 Nov 2018 13:21:26: Dropping connection
17 Nov 2018 13:21:27: Accepted connection, fd = 4
17 Nov 2018 13:21:32: Created stream for input
17 Nov 2018 13:21:32: File type is 'a'
17 Nov 2018 13:21:32: Saving data to file spool/wei_a_1542478892.466702
17 Nov 2018 13:21:32: Created stream for output
17 Nov 2018 13:21:32: Bytes received: 263
17 Nov 2018 13:21:32: Connection terminated
17 Nov 2018 13:21:32: Accepted connection, fd = 4
17 Nov 2018 13:21:32: Dropping connection
17 Nov 2018 13:21:32: Accepted connection, fd = 4
17 Nov 2018 13:21:37: Created stream for input
17 Nov 2018 13:21:37: File type is 'a'
17 Nov 2018 13:21:37: Saving data to file spool/wei_a_1542478897.482485
17 Nov 2018 13:21:37: Created stream for output
17 Nov 2018 13:21:37: Bytes received: 263
17 Nov 2018 13:21:37: Connection terminated
17 Nov 2018 13:21:37: Accepted connection, fd = 4
17 Nov 2018 13:21:42: Created stream for input
17 Nov 2018 13:21:42: File type is 'a'
17 Nov 2018 13:21:42: Saving data to file spool/wei_a_1542478902.493382
17 Nov 2018 13:21:42: Created stream for output
17 Nov 2018 13:21:42: Bytes received: 263
17 Nov 2018 13:21:42: Connection terminated
17 Nov 2018 13:21:42: Accepted connection, fd = 4
17 Nov 2018 13:21:47: Created stream for input
17 Nov 2018 13:21:47: File type is 'a'
17 Nov 2018 13:21:47: Saving data to file spool/wei_a_1542478907.506043
17 Nov 2018 13:21:47: Created stream for output
17 Nov 2018 13:21:47: Bytes received: 263
17 Nov 2018 13:21:47: Connection terminated
17 Nov 2018 13:21:47: Accepted connection, fd = 4
17 Nov 2018 13:21:47: Dropping connection
17 Nov 2018 13:21:47: Accepted connection, fd = 4
17 Nov 2018 13:21:47: Dropping connection
17 Nov 2018 13:21:48: Accepted connection, fd = 4
17 Nov 2018 13:21:53: Created stream for input
17 Nov 2018 13:21:53: File type is 'a'
17 Nov 2018 13:21:53: Saving data to file spool/wei_a_1542478913.541344
17 Nov 2018 13:21:53: Created stream for output
17 Nov 2018 13:21:53: Bytes received: 263
17 Nov 2018 13:21:53: Connection terminated
17 Nov 2018 13:28:32: Accepted connection, fd = 4
17 Nov 2018 13:28:37: Created stream for input
17 Nov 2018 13:28:37: File type is 'a'
17 Nov 2018 13:28:37: Saving data to file spool/wei_a_1542479317.650180
17 Nov 2018 13:28:37: Created stream for output
17 Nov 2018 13:28:37: Bytes received: 263
17 Nov 2018 13:28:37: Connection terminated
17 Nov 2018 13:28:37: Accepted connection, fd = 4
17 Nov 2018 13:28:42: Created stream for input
17 Nov 2018 13:28:42: File type is 'a'
17 Nov 2018 13:28:42: Saving data to file spool/wei_a_1542479322.661355
17 Nov 2018 13:28:42: Created stream for output
17 Nov 2018 13:28:42: Bytes received: 263
17 Nov 2018 13:28:42: Connection terminated
17 Nov 2018 13:28:42: Accepted connection, fd = 4
17 Nov 2018 13:28:42: Dropping connection
17 Nov 2018 13:28:42: Accepted connection, fd = 4
17 Nov 2018 13:28:42: Dropping connection
17 Nov 2018 13:28:43: Accepted connection, fd = 4
17 Nov 2018 13:28:43: Dropping connection
17 Nov 2018 13:28:44: Accepted connection, fd = 4
17 Nov 2018 13:28:49: Created stream for input
17 Nov 2018 13:28:49: File type is 'a'
17 Nov 2018 13:28:49: Saving data to file spool/wei_a_1542479329.694070
17 Nov 2018 13:28:49: Created stream for output
17 Nov 2018 13:28:49: Bytes received: 263
17 Nov 2018 13:28:49: Connection terminated
17 Nov 2018 13:28:49: Accepted connection, fd = 4
17 Nov 2018 13:28:54: Created stream for input
17 Nov 2018 13:28:54: File type is 'a'
17 Nov 2018 13:28:54: Saving data to file spool/wei_a_1542479334.707226
17 Nov 2018 13:28:54: Created stream for output
17 Nov 2018 13:28:54: Bytes received: 263
17 Nov 2018 13:28:54: Connection terminated
17 Nov 2018 13:28:54: Accepted connection, fd = 4
17 Nov 2018 13:28:59: Created stream for input
17 Nov 2018 13:28:59: File type is 'a'
17 Nov 2018 13:28:59: Saving data to file spool/wei_a_1542479339.723183
17 Nov 2018 13:28:59: Created stream for output
17 Nov 2018 13:28:59: Bytes received: 263
17 Nov 2018 13:28:59: Connection terminated
17 Nov 2018 13:28:59: Accepted connection, fd = 4
17 Nov 2018 13:28:59: Dropping connection
17 Nov 2018 13:29:13: Accepted connection, fd = 4
17 Nov 2018 13:29:13: Dropping connection
17 Nov 2018 13:29:14: Accepted connection, fd = 4
17 Nov 2018 13:29:19: Created stream for input
17 Nov 2018 13:29:19: File type is 'a'
17 Nov 2018 13:29:19: Saving data to file spool/wei_a_1542479359.800939
17 Nov 2018 13:29:19: Created stream for output
17 Nov 2018 13:29:19: Bytes received: 263
17 Nov 2018 13:29:19: Connection terminated
17 Nov 2018 13:29:19: Accepted connection, fd = 4
17 Nov 2018 13:29:24: Created stream for input
17 Nov 2018 13:29:24: File type is 'a'
17 Nov 2018 13:29:24: Saving data to file spool/wei_a_1542479364.817726
17 Nov 2018 13:29:24: Created stream for output
17 Nov 2018 13:29:24: Bytes received: 263
17 Nov 2018 13:29:24: Connection terminated
17 Nov 2018 13:29:24: Accepted connection, fd = 4
17 Nov 2018 13:29:24: Dropping connection
17 Nov 2018 13:29:24: Accepted connection, fd = 4
17 Nov 2018 13:29:29: Created stream for input
17 Nov 2018 13:29:29: File type is 'a'
17 Nov 2018 13:29:29: Saving data to file spool/wei_a_1542479369.831733
17 Nov 2018 13:29:29: Created stream for output
17 Nov 2018 13:29:29: Bytes received: 263
17 Nov 2018 13:29:29: Connection terminated
17 Nov 2018 13:29:29: Accepted connection, fd = 4
17 Nov 2018 13:29:34: Created stream for input
17 Nov 2018 13:29:34: File type is 'a'
17 Nov 2018 13:29:34: Saving data to file spool/wei_a_1542479374.842289
17 Nov 2018 13:29:34: Created stream for output
17 Nov 2018 13:29:34: Bytes received: 263
17 Nov 2018 13:29:34: Connection terminated
17 Nov 2018 13:29:34: Accepted connection, fd = 4
17 Nov 2018 13:29:34: Dropping connection
17 Nov 2018 13:29:34: Accepted connection, fd = 4
17 Nov 2018 13:29:34: Dropping connection
17 Nov 2018 13:29:35: Accepted connection, fd = 4
17 Nov 2018 13:29:40: Created stream for input
17 Nov 2018 13:29:40: File type is 'a'
17 Nov 2018 13:29:40: Saving data to file spool/wei_a_1542479380.866885
17 Nov 2018 13:29:40: Created stream for output
17 Nov 2018 13:29:40: Bytes received: 263
17 Nov 2018 13:29:40: Connection terminated
17 Nov 2018 13:30:45: Accepted connection, fd = 4
17 Nov 2018 13:30:50: Created stream for input
17 Nov 2018 13:30:50: File type is 'a'
17 Nov 2018 13:30:50: Saving data to file spool/wei_a_1542479450.22383
17 Nov 2018 13:30:50: Created stream for output
17 Nov 2018 13:30:50: Bytes received: 263
17 Nov 2018 13:30:50: Connection terminated
17 Nov 2018 13:30:50: Accepted connection, fd = 4
17 Nov 2018 13:30:55: Created stream for input
17 Nov 2018 13:30:55: File type is 'a'
17 Nov 2018 13:30:55: Saving data to file spool/wei_a_1542479455.34980
17 Nov 2018 13:30:55: Created stream for output
17 Nov 2018 13:30:55: Bytes received: 263
17 Nov 2018 13:30:55: Connection terminated
17 Nov 2018 13:30:55: Accepted connection, fd = 4
17 Nov 2018 13:31:00: Created stream for input
17 Nov 2018 13:31:00: File type is 'a'
17 Nov 2018 13:31:00: Saving data to file spool/wei_a_1542479460.47487
17 Nov 2018 13:31:00: Created stream for output
17 Nov 2018 13:31:00: Bytes received: 263
17 Nov 2018 13:31:00: Connection terminated
17 Nov 2018 13:31:00: Accepted connection, fd = 4
17 Nov 2018 13:31:00: Dropping connection
17 Nov 2018 13:31:00: Accepted connection, fd = 4
17 Nov 2018 13:31:00: Dropping connection
17 Nov 2018 13:31:01: Accepted connection, fd = 4
17 Nov 2018 13:31:01: Dropping connection
17 Nov 2018 13:31:02: Accepted connection, fd = 4
17 Nov 2018 13:31:02: Dropping connection
17 Nov 2018 13:31:03: Accepted connection, fd = 4
17 Nov 2018 13:31:03: Dropping connection
17 Nov 2018 13:31:04: Accepted connection, fd = 4
17 Nov 2018 13:31:09: Created stream for input
17 Nov 2018 13:31:09: File type is 'a'
17 Nov 2018 13:31:09: Saving data to file spool/wei_a_1542479469.102244
17 Nov 2018 13:31:09: Created stream for output
17 Nov 2018 13:31:09: Bytes received: 263
17 Nov 2018 13:31:09: Connection terminated
17 Nov 2018 13:32:19: Accepted connection, fd = 4
17 Nov 2018 13:32:19: Dropping connection
17 Nov 2018 13:32:20: Accepted connection, fd = 4
17 Nov 2018 13:32:20: Dropping connection
17 Nov 2018 13:32:21: Accepted connection, fd = 4
17 Nov 2018 13:32:21: Dropping connection
17 Nov 2018 13:32:22: Accepted connection, fd = 4
17 Nov 2018 13:32:27: Created stream for input
17 Nov 2018 13:32:27: File type is 'a'
17 Nov 2018 13:32:27: Saving data to file spool/wei_a_1542479547.472256
17 Nov 2018 13:32:27: Created stream for output
17 Nov 2018 13:32:27: Bytes received: 263
17 Nov 2018 13:32:27: Connection terminated
17 Nov 2018 13:32:27: Accepted connection, fd = 4
17 Nov 2018 13:32:32: Created stream for input
17 Nov 2018 13:32:32: File type is 'a'
17 Nov 2018 13:32:32: Saving data to file spool/wei_a_1542479552.489595
17 Nov 2018 13:32:32: Created stream for output
17 Nov 2018 13:32:32: Bytes received: 263
17 Nov 2018 13:32:32: Connection terminated
17 Nov 2018 13:32:32: Accepted connection, fd = 4
17 Nov 2018 13:32:37: Created stream for input
17 Nov 2018 13:32:37: File type is 'a'
17 Nov 2018 13:32:37: Saving data to file spool/wei_a_1542479557.511172
17 Nov 2018 13:32:37: Created stream for output
17 Nov 2018 13:32:37: Bytes received: 263
17 Nov 2018 13:32:37: Connection terminated
17 Nov 2018 13:32:37: Accepted connection, fd = 4
17 Nov 2018 13:32:37: Dropping connection
17 Nov 2018 13:32:37: Accepted connection, fd = 4
17 Nov 2018 13:32:37: Dropping connection
17 Nov 2018 13:32:38: Accepted connection, fd = 4
17 Nov 2018 13:32:38: Dropping connection
17 Nov 2018 13:35:25: Accepted connection, fd = 4
17 Nov 2018 13:35:30: Created stream for input
17 Nov 2018 13:35:30: File type is 'a'
17 Nov 2018 13:35:30: Saving data to file spool/wei_a_1542479730.724610
17 Nov 2018 13:35:30: Created stream for output
17 Nov 2018 13:35:30: Bytes received: 263
17 Nov 2018 13:35:30: Connection terminated
17 Nov 2018 13:35:30: Accepted connection, fd = 4
17 Nov 2018 13:35:30: Dropping connection
17 Nov 2018 13:35:30: Accepted connection, fd = 4
17 Nov 2018 13:35:35: Created stream for input
17 Nov 2018 13:35:35: File type is 'a'
17 Nov 2018 13:35:35: Saving data to file spool/wei_a_1542479735.754593
17 Nov 2018 13:35:35: Created stream for output
17 Nov 2018 13:35:35: Bytes received: 263
17 Nov 2018 13:35:35: Connection terminated
17 Nov 2018 13:35:35: Accepted connection, fd = 4
17 Nov 2018 13:35:40: Created stream for input
17 Nov 2018 13:35:40: File type is 'a'
17 Nov 2018 13:35:40: Saving data to file spool/wei_a_1542479740.764807
17 Nov 2018 13:35:40: Created stream for output
17 Nov 2018 13:35:40: Bytes received: 263
17 Nov 2018 13:35:40: Connection terminated
17 Nov 2018 13:35:40: Accepted connection, fd = 4
17 Nov 2018 13:35:40: Dropping connection
17 Nov 2018 13:35:40: Accepted connection, fd = 4
17 Nov 2018 13:35:45: Created stream for input
17 Nov 2018 13:35:45: File type is 'a'
17 Nov 2018 13:35:45: Saving data to file spool/wei_a_1542479745.775110
17 Nov 2018 13:35:45: Created stream for output
17 Nov 2018 13:35:45: Bytes received: 263
17 Nov 2018 13:35:45: Connection terminated
17 Nov 2018 13:35:45: Accepted connection, fd = 4
17 Nov 2018 13:35:50: Created stream for input
17 Nov 2018 13:35:50: File type is 'a'
17 Nov 2018 13:35:50: Saving data to file spool/wei_a_1542479750.791835
17 Nov 2018 13:35:50: Created stream for output
17 Nov 2018 13:35:50: Bytes received: 263
17 Nov 2018 13:35:50: Connection terminated
17 Nov 2018 13:35:50: Accepted connection, fd = 4
17 Nov 2018 13:35:50: Dropping connection
17 Nov 2018 13:35:50: Accepted connection, fd = 4
17 Nov 2018 13:35:50: Dropping connection
17 Nov 2018 13:44:46: Accepted connection, fd = 4
17 Nov 2018 13:44:51: Created stream for input
17 Nov 2018 13:44:51: File type is 'a'
17 Nov 2018 13:44:51: Saving data to file spool/wei_a_1542480291.236214
17 Nov 2018 13:44:51: Created stream for output
17 Nov 2018 13:44:51: Bytes received: 263
17 Nov 2018 13:44:51: Connection terminated
17 Nov 2018 13:44:51: Accepted connection, fd = 4
17 Nov 2018 13:44:56: Created stream for input
17 Nov 2018 13:44:56: File type is 'a'
17 Nov 2018 13:44:56: Saving data to file spool/wei_a_1542480296.248240
17 Nov 2018 13:44:56: Created stream for output
17 Nov 2018 13:44:56: Bytes received: 263
17 Nov 2018 13:44:56: Connection terminated
17 Nov 2018 13:44:56: Accepted connection, fd = 4
17 Nov 2018 13:44:56: Dropping connection
17 Nov 2018 13:44:56: Accepted connection, fd = 4
17 Nov 2018 13:44:56: Dropping connection
17 Nov 2018 13:44:57: Accepted connection, fd = 4
17 Nov 2018 13:44:57: Dropping connection
17 Nov 2018 13:44:58: Accepted connection, fd = 4
17 Nov 2018 13:44:58: Dropping connection
17 Nov 2018 13:44:59: Accepted connection, fd = 4
17 Nov 2018 13:44:59: Dropping connection
17 Nov 2018 13:45:00: Accepted connection, fd = 4
17 Nov 2018 13:45:05: Created stream for input
17 Nov 2018 13:45:05: File type is 'a'
17 Nov 2018 13:45:05: Saving data to file spool/wei_a_1542480305.292999
17 Nov 2018 13:45:05: Created stream for output
17 Nov 2018 13:45:05: Bytes received: 263
17 Nov 2018 13:45:05: Connection terminated
17 Nov 2018 13:45:05: Accepted connection, fd = 4
17 Nov 2018 13:45:05: Dropping connection
17 Nov 2018 13:45:25: Accepted connection, fd = 4
17 Nov 2018 13:45:30: Created stream for input
17 Nov 2018 13:45:30: File type is 'a'
17 Nov 2018 13:45:30: Saving data to file spool/wei_a_1542480330.980715
17 Nov 2018 13:45:30: Created stream for output
17 Nov 2018 13:45:30: Bytes received: 263
17 Nov 2018 13:45:30: Connection terminated
17 Nov 2018 13:45:30: Accepted connection, fd = 4
17 Nov 2018 13:45:30: Dropping connection
17 Nov 2018 13:45:30: Accepted connection, fd = 4
17 Nov 2018 13:45:30: Dropping connection
17 Nov 2018 13:45:32: Accepted connection, fd = 4
17 Nov 2018 13:45:32: Dropping connection
17 Nov 2018 13:45:33: Accepted connection, fd = 4
17 Nov 2018 13:45:33: Dropping connection
17 Nov 2018 13:45:34: Accepted connection, fd = 4
17 Nov 2018 13:45:39: Created stream for input
17 Nov 2018 13:45:39: File type is 'a'
17 Nov 2018 13:45:39: Saving data to file spool/wei_a_1542480339.41271
17 Nov 2018 13:45:39: Created stream for output
17 Nov 2018 13:45:39: Bytes received: 263
17 Nov 2018 13:45:39: Connection terminated
17 Nov 2018 13:45:39: Accepted connection, fd = 4
17 Nov 2018 13:45:44: Created stream for input
17 Nov 2018 13:45:44: File type is 'a'
17 Nov 2018 13:45:44: Saving data to file spool/wei_a_1542480344.52786
17 Nov 2018 13:45:44: Created stream for output
17 Nov 2018 13:45:44: Bytes received: 263
17 Nov 2018 13:45:44: Connection terminated
17 Nov 2018 13:45:44: Accepted connection, fd = 4
17 Nov 2018 13:45:44: Dropping connection
17 Nov 2018 13:45:44: Accepted connection, fd = 4
17 Nov 2018 13:45:44: Dropping connection
