==3231== Memcheck, a memory error detector
==3231== Copyright (C) 2002-2015, and GNU GPL'd, by Julian Seward et al.
==3231== Using Valgrind-3.11.0 and LibVEX; rerun with -h for copyright info
==3231== Command: bin/xacto -p 9999
==3231== Parent PID: 3219
==3231== 
==3231== 
==3231== FILE DESCRIPTORS: 7 open at exit.
==3231== Open file descriptor 13: /dev/shm/bxf_arena_3217 (deleted)
==3231==    <inherited from parent>
==3231== 
==3231== Open file descriptor 11: /dev/shm/bxf_arena_3217 (deleted)
==3231==    <inherited from parent>
==3231== 
==3231== Open file descriptor 4:
==3231==    <inherited from parent>
==3231== 
==3231== Open file descriptor 3: /home/student/zhang91/hw5/valgrind.out
==3231==    <inherited from parent>
==3231== 
==3231== Open file descriptor 2: /dev/pts/1
==3231==    <inherited from parent>
==3231== 
==3231== Open file descriptor 1: /dev/pts/1
==3231==    <inherited from parent>
==3231== 
==3231== Open file descriptor 0:
==3231==    <inherited from parent>
==3231== 
==3231== 
==3231== HEAP SUMMARY:
==3231==     in use at exit: 129 bytes in 3 blocks
==3231==   total heap usage: 18 allocs, 15 frees, 8,257 bytes allocated
==3231== 
==3231== LEAK SUMMARY:
==3231==    definitely lost: 0 bytes in 0 blocks
==3231==    indirectly lost: 0 bytes in 0 blocks
==3231==      possibly lost: 0 bytes in 0 blocks
==3231==    still reachable: 129 bytes in 3 blocks
==3231==         suppressed: 0 bytes in 0 blocks
==3231== Reachable blocks (those to which a pointer was found) are not shown.
==3231== To see them, rerun with: --leak-check=full --show-leak-kinds=all
==3231== 
==3231== For counts of detected and suppressed errors, rerun with: -v
==3231== ERROR SUMMARY: 0 errors from 0 contexts (suppressed: 0 from 0)
